{"C:\\Users\\kaleb\\Desktop\\Work\\Space-age\\src\\Space-age.js": {"path":"C:\\Users\\kaleb\\Desktop\\Work\\Space-age\\src\\Space-age.js","statementMap":{"0":{"start":{"line":3,"column":4},"end":{"line":3,"column":19}},"1":{"start":{"line":4,"column":4},"end":{"line":4,"column":29}},"2":{"start":{"line":5,"column":4},"end":{"line":5,"column":37}},"3":{"start":{"line":6,"column":4},"end":{"line":6,"column":41}},"4":{"start":{"line":10,"column":15},"end":{"line":10,"column":46}},"5":{"start":{"line":11,"column":17},"end":{"line":11,"column":33}},"6":{"start":{"line":13,"column":23},"end":{"line":13,"column":72}},"7":{"start":{"line":14,"column":4},"end":{"line":14,"column":49}},"8":{"start":{"line":16,"column":25},"end":{"line":16,"column":74}},"9":{"start":{"line":17,"column":4},"end":{"line":17,"column":53}},"10":{"start":{"line":19,"column":4},"end":{"line":19,"column":18}},"11":{"start":{"line":23,"column":15},"end":{"line":23,"column":46}},"12":{"start":{"line":24,"column":17},"end":{"line":24,"column":33}},"13":{"start":{"line":26,"column":23},"end":{"line":26,"column":72}},"14":{"start":{"line":27,"column":4},"end":{"line":27,"column":49}},"15":{"start":{"line":29,"column":25},"end":{"line":29,"column":74}},"16":{"start":{"line":30,"column":4},"end":{"line":30,"column":53}},"17":{"start":{"line":32,"column":4},"end":{"line":32,"column":18}},"18":{"start":{"line":36,"column":15},"end":{"line":36,"column":47}},"19":{"start":{"line":37,"column":17},"end":{"line":37,"column":33}},"20":{"start":{"line":39,"column":23},"end":{"line":39,"column":73}},"21":{"start":{"line":40,"column":4},"end":{"line":40,"column":49}},"22":{"start":{"line":42,"column":25},"end":{"line":42,"column":75}},"23":{"start":{"line":43,"column":4},"end":{"line":43,"column":53}},"24":{"start":{"line":45,"column":4},"end":{"line":45,"column":18}},"25":{"start":{"line":49,"column":15},"end":{"line":49,"column":48}},"26":{"start":{"line":50,"column":17},"end":{"line":50,"column":33}},"27":{"start":{"line":52,"column":23},"end":{"line":52,"column":74}},"28":{"start":{"line":53,"column":4},"end":{"line":53,"column":49}},"29":{"start":{"line":55,"column":25},"end":{"line":55,"column":76}},"30":{"start":{"line":56,"column":4},"end":{"line":56,"column":53}},"31":{"start":{"line":58,"column":4},"end":{"line":58,"column":18}}},"fnMap":{"0":{"name":"(anonymous_0)","decl":{"start":{"line":2,"column":2},"end":{"line":2,"column":3}},"loc":{"start":{"line":2,"column":59},"end":{"line":7,"column":3}},"line":2},"1":{"name":"(anonymous_1)","decl":{"start":{"line":9,"column":2},"end":{"line":9,"column":3}},"loc":{"start":{"line":9,"column":12},"end":{"line":20,"column":3}},"line":9},"2":{"name":"(anonymous_2)","decl":{"start":{"line":22,"column":2},"end":{"line":22,"column":3}},"loc":{"start":{"line":22,"column":10},"end":{"line":33,"column":3}},"line":22},"3":{"name":"(anonymous_3)","decl":{"start":{"line":35,"column":2},"end":{"line":35,"column":3}},"loc":{"start":{"line":35,"column":9},"end":{"line":46,"column":3}},"line":35},"4":{"name":"(anonymous_4)","decl":{"start":{"line":48,"column":2},"end":{"line":48,"column":3}},"loc":{"start":{"line":48,"column":12},"end":{"line":59,"column":3}},"line":48}},"branchMap":{},"s":{"0":7,"1":7,"2":7,"3":7,"4":2,"5":2,"6":2,"7":2,"8":2,"9":2,"10":2,"11":1,"12":1,"13":1,"14":1,"15":1,"16":1,"17":1,"18":1,"19":1,"20":1,"21":1,"22":1,"23":1,"24":1,"25":1,"26":1,"27":1,"28":1,"29":1,"30":1,"31":1},"f":{"0":7,"1":2,"2":1,"3":1,"4":1},"b":{},"_coverageSchema":"1a1c01bbd47fc00a2c39e90264f33305004495a9","hash":"e817fda63b6667196be9ec5a006e1708f491f074"}
}
