TN:
SF:src\Space-age.js
FN:2,(anonymous_0)
FN:9,(anonymous_1)
FN:22,(anonymous_2)
FN:35,(anonymous_3)
FN:48,(anonymous_4)
FNF:5
FNH:5
FNDA:7,(anonymous_0)
FNDA:2,(anonymous_1)
FNDA:1,(anonymous_2)
FNDA:1,(anonymous_3)
FNDA:1,(anonymous_4)
DA:3,7
DA:4,7
DA:5,7
DA:6,7
DA:10,2
DA:11,2
DA:13,2
DA:14,2
DA:16,2
DA:17,2
DA:19,2
DA:23,1
DA:24,1
DA:26,1
DA:27,1
DA:29,1
DA:30,1
DA:32,1
DA:36,1
DA:37,1
DA:39,1
DA:40,1
DA:42,1
DA:43,1
DA:45,1
DA:49,1
DA:50,1
DA:52,1
DA:53,1
DA:55,1
DA:56,1
DA:58,1
LF:32
LH:32
BRF:0
BRH:0
end_of_record
